<?xml version="1.0" encoding="UTF-8"?>
<testng-results ignored="0" total="1" passed="1" failed="0" skipped="0">
  <reporter-output>
  </reporter-output>
  <suite started-at="2025-08-25T18:35:31 IST" name="functionaltesting" finished-at="2025-08-25T18:36:09 IST" duration-ms="37231">
    <groups>
      <group name="cucumber">
        <method signature="AbstractTestNGCucumberTests.runScenario(io.cucumber.testng.PickleWrapper,io.cucumber.testng.FeatureWrapper)[pri:0, instance:runners.MyTestRunner@2e61d218]" name="runScenario" class="io.cucumber.testng.AbstractTestNGCucumberTests"/>
      </group> <!-- cucumber -->
    </groups>
    <test started-at="2025-08-25T18:35:31 IST" name="Functional testcases" finished-at="2025-08-25T18:36:09 IST" duration-ms="37231">
      <class name="runners.MyTestRunner">
        <test-method is-config="true" signature="setUpClass(org.testng.ITestContext)[pri:0, instance:runners.MyTestRunner@2e61d218]" started-at="2025-08-25T18:35:32 IST" name="setUpClass" finished-at="2025-08-25T18:35:32 IST" duration-ms="934" status="PASS">
          <params>
            <param index="0">
              <value>
                <![CDATA[org.testng.TestRunner@41b66d1]]>
              </value>
            </param>
          </params>
          <reporter-output>
          </reporter-output>
        </test-method> <!-- setUpClass -->
        <test-method signature="runScenario(io.cucumber.testng.PickleWrapper,io.cucumber.testng.FeatureWrapper)[pri:0, instance:runners.MyTestRunner@2e61d218]" started-at="2025-08-25T18:35:32 IST" name="runScenario" description="Runs Cucumber Scenarios" data-provider="scenarios" finished-at="2025-08-25T18:36:04 IST" duration-ms="31569" status="PASS">
          <params>
            <param index="0">
              <value>
                <![CDATA["Register with multiple data"]]>
              </value>
            </param>
            <param index="1">
              <value>
                <![CDATA["Registration Functionality"]]>
              </value>
            </param>
          </params>
          <reporter-output>
          </reporter-output>
        </test-method> <!-- runScenario -->
        <test-method is-config="true" signature="tearDownClass()[pri:0, instance:runners.MyTestRunner@2e61d218]" started-at="2025-08-25T18:36:04 IST" name="tearDownClass" finished-at="2025-08-25T18:36:09 IST" duration-ms="4677" status="PASS">
          <reporter-output>
          </reporter-output>
        </test-method> <!-- tearDownClass -->
      </class> <!-- runners.MyTestRunner -->
    </test> <!-- Functional testcases -->
  </suite> <!-- functionaltesting -->
</testng-results>
